Arguments: 
  /home/afrijal/.nvm/versions/node/v12.16.1/bin/node /usr/share/yarn/bin/yarn.js

PATH: 
  /home/afrijal/.gvm/pkgsets/go1.4/global/bin:/home/afrijal/.gvm/gos/go1.4/bin:/home/afrijal/.gvm/pkgsets/go1.4/global/overlay/bin:/home/afrijal/.gvm/bin:/home/afrijal/.gvm/bin:/home/afrijal/.nvm/versions/node/v12.16.1/bin:/usr/local/sbin:/usr/local/bin:/usr/sbin:/usr/bin:/sbin:/bin:/usr/games:/usr/local/games:/snap/bin:/home/afrijal/Android/Sdk/emulator:/home/afrijal/Android/Sdk/tools:/home/afrijal/Android/Sdk/tools/bin:/home/afrijal/Android/Sdk/platform-tools

Yarn version: 
  1.22.4

Node version: 
  12.16.1

Platform: 
  linux x64

Trace: 
  Error: connect ENETUNREACH 2606:4700::6810:1723:443 - Local (:::0)
      at internalConnect (net.js:917:16)
      at defaultTriggerAsyncIdScope (internal/async_hooks.js:311:12)
      at emitLookup (net.js:1059:9)
      at /usr/share/yarn/lib/cli.js:107542:29
      at /usr/share/yarn/lib/cli.js:107388:25
      at RawTask.module.exports.RawTask.call (/usr/share/yarn/lib/cli.js:83613:19)
      at flush (/usr/share/yarn/lib/cli.js:83695:29)
      at processTicksAndRejections (internal/process/task_queues.js:79:11)

npm manifest: 
  {
    "name": "gatsby-gitbook-boilerplate",
    "private": true,
    "description": "Documentation, built with mdx",
    "author": "Praveen <praveen@hasura.io> (@praveenweb)",
    "version": "0.0.1",
    "dependencies": {
      "@babel/plugin-proposal-export-default-from": "^7.7.4",
      "@emotion/core": "^10.0.22",
      "@emotion/styled": "^10.0.23",
      "@emotion/styled-base": "^10.0.24",
      "@mdx-js/loader": "^1.5.1",
      "@mdx-js/mdx": "^1.5.1",
      "@mdx-js/react": "^1.5.1",
      "@philpl/buble": "^0.19.7",
      "@playlyfe/gql": "^2.6.2",
      "algoliasearch": "^3.35.1",
      "dotenv": "^8.2.0",
      "emotion": "^10.0.23",
      "emotion-server": "^10.0.17",
      "emotion-theming": "^10.0.19",
      "gatsby": "^2.18.10",
      "gatsby-link": "^2.2.27",
      "gatsby-plugin-algolia": "^0.5.0",
      "gatsby-plugin-emotion": "^4.1.18",
      "gatsby-plugin-gtag": "^1.0.12",
      "gatsby-plugin-layout": "^1.1.18",
      "gatsby-plugin-manifest": "^2.2.33",
      "gatsby-plugin-mdx": "^1.0.61",
      "gatsby-plugin-offline": "^3.0.29",
      "gatsby-plugin-react-helmet": "^3.1.18",
      "gatsby-plugin-remove-serviceworker": "^1.0.0",
      "gatsby-plugin-sharp": "^2.3.7",
      "gatsby-plugin-sitemap": "^2.2.24",
      "gatsby-remark-copy-linked-files": "^2.1.33",
      "gatsby-remark-images": "^3.1.37",
      "gatsby-source-filesystem": "^2.1.42",
      "gatsby-transformer-remark": "^2.6.42",
      "graphql": "^14.5.8",
      "is-absolute-url": "^3.0.3",
      "lodash.flatten": "^4.4.0",
      "lodash.startcase": "^4.4.0",
      "react": "^16.12.0",
      "react-dom": "^16.12.0",
      "react-feather": "^2.0.3",
      "react-github-btn": "^1.1.1",
      "react-helmet": "^5.2.1",
      "react-id-generator": "^3.0.0",
      "react-instantsearch-dom": "^6.0.0",
      "react-live": "^2.2.2",
      "react-loadable": "^5.5.0",
      "styled-components": "^4.4.1",
      "styled-icons": "^9.0.1"
    },
    "license": "MIT",
    "main": "n/a",
    "scripts": {
      "start": "gatsby develop",
      "build": "gatsby build --prefix-paths",
      "format": "prettier --write \"src/**/*.{js,jsx,css,json}\"",
      "lint": "eslint --fix \"src/**/*.{js,jsx}\""
    },
    "devDependencies": {
      "babel-eslint": "^10.1.0",
      "eslint": "^6.8.0",
      "eslint-config-prettier": "^6.10.0",
      "eslint-plugin-import": "^2.20.1",
      "eslint-plugin-jsx-a11y": "^6.2.3",
      "eslint-plugin-prettier": "^3.1.2",
      "eslint-plugin-react": "^7.19.0",
      "gatsby-plugin-remove-trailing-slashes": "^2.1.17",
      "prettier": "^1.19.1",
      "prism-react-renderer": "^1.0.2"
    }
  }

yarn manifest: 
  No manifest

Lockfile: 
  No lockfile
